0 info it worked if it ends with ok
1 verbose cli [ 'node',
1 verbose cli   'C:\\Users\\Administrator\\AppData\\Roaming\\npm\\node_modules\\cnpm\\node_modules\\npm\\bin\\npm-cli.js',
1 verbose cli   '--userconfig=C:\\Users\\Administrator\\.cnpmrc',
1 verbose cli   '--disturl=https://npm.taobao.org/mirrors/node',
1 verbose cli   '--cache=C:\\Users\\Administrator\\.cnpm',
1 verbose cli   '--registry=https://registry.npm.taobao.org',
1 verbose cli   '--node-gyp=C:\\Users\\Administrator\\AppData\\Roaming\\npm\\node_modules\\cnpm\\node_modules\\node-gyp\\bin\\node-gyp.js',
1 verbose cli   'start',
1 verbose cli   'blog' ]
2 info using npm@2.14.20
3 info using node@v0.10.26
4 verbose run-script [ 'prestart', 'start', 'poststart' ]
5 info prestart blog@0.0.0
6 info start blog@0.0.0
7 verbose unsafe-perm in lifecycle true
8 info blog@0.0.0 Failed to exec start script
9 verbose stack Error: blog@0.0.0 start: `node ./bin/www "blog"`
9 verbose stack Exit status 1
9 verbose stack     at EventEmitter.<anonymous> (C:\Users\Administrator\AppData\Roaming\npm\node_modules\cnpm\node_modules\npm\lib\utils\lifecycle.js:214:16)
9 verbose stack     at EventEmitter.emit (events.js:98:17)
9 verbose stack     at ChildProcess.<anonymous> (C:\Users\Administrator\AppData\Roaming\npm\node_modules\cnpm\node_modules\npm\lib\utils\spawn.js:24:14)
9 verbose stack     at ChildProcess.EventEmitter.emit (events.js:98:17)
9 verbose stack     at maybeClose (child_process.js:743:16)
9 verbose stack     at Process.ChildProcess._handle.onexit (child_process.js:810:5)
10 verbose pkgid blog@0.0.0
11 verbose cwd E:\web\blog
12 error Windows_NT 6.2.9200
13 error argv "node" "C:\\Users\\Administrator\\AppData\\Roaming\\npm\\node_modules\\cnpm\\node_modules\\npm\\bin\\npm-cli.js" "--userconfig=C:\\Users\\Administrator\\.cnpmrc" "--disturl=https://npm.taobao.org/mirrors/node" "--cache=C:\\Users\\Administrator\\.cnpm" "--registry=https://registry.npm.taobao.org" "--node-gyp=C:\\Users\\Administrator\\AppData\\Roaming\\npm\\node_modules\\cnpm\\node_modules\\node-gyp\\bin\\node-gyp.js" "start" "blog"
14 error node v0.10.26
15 error npm  v2.14.20
16 error code ELIFECYCLE
17 error blog@0.0.0 start: `node ./bin/www "blog"`
17 error Exit status 1
18 error Failed at the blog@0.0.0 start script 'node ./bin/www "blog"'.
18 error This is most likely a problem with the blog package,
18 error not with npm itself.
18 error Tell the author that this fails on your system:
18 error     node ./bin/www "blog"
18 error You can get information on how to open an issue for this project with:
18 error     npm bugs blog
18 error Or if that isn't available, you can get their info via:
18 error
18 error     npm owner ls blog
18 error There is likely additional logging output above.
19 verbose exit [ 1, true ]
